<?xml version="1.0" encoding="UTF-8"?>
<testsuite name="petstore.Pet" tests="1" skipped="0" failures="0" errors="0" timestamp="2025-04-29T14:58:03" hostname="DESKTOP-1237H72" time="1.889">
  <properties/>
  <testcase name="incluirPet" classname="petstore.Pet" time="1.889"/>
  <system-out><![CDATA[Request method:	POST
Request URI:	https://petstore.swagger.io/v2/pet
Proxy:			<none>
Request params:	<none>
Query params:	<none>
Form params:	<none>
Path params:	<none>
Headers:		Accept=*/*
				Content-Type=application/json
Cookies:		<none>
Multiparts:		<none>
Body:
{
    "id": 0,
    "category": {
        "id": 1,
        "name": "dog"
    },
    "name": "bjorn",
    "photoUrls": [
        "string"
    ],
    "tags": [
        {
            "id": 2025,
            "name": "testeapi"
        }
    ],
    "status": "available"
}
HTTP/1.1 200 OK
Date: Tue, 29 Apr 2025 14:58:05 GMT
Content-Type: application/json
Transfer-Encoding: chunked
Connection: keep-alive
Access-Control-Allow-Origin: *
Access-Control-Allow-Methods: GET, POST, DELETE, PUT
Access-Control-Allow-Headers: Content-Type, api_key, Authorization
Server: Jetty(9.2.9.v20150224)

{
    "id": 9223372036854775807,
    "category": {
        "id": 1,
        "name": "dog"
    },
    "name": "bjorn",
    "photoUrls": [
        "string"
    ],
    "tags": [
        {
            "id": 2025,
            "name": "testeapi"
        }
    ],
    "status": "available"
}
]]></system-out>
  <system-err><![CDATA[]]></system-err>
</testsuite>
